<?xml version="1.0" encoding="UTF-8" ?>
<testsuite tests="4" failures="0" name="xdwang.aequilibrium.SuiteTest" time="0.076" errors="0" skipped="0">
  <properties>
[...]
</properties>
  <testcase classname="xdwang.aequilibrium.UnitTests" name="testBuilderRangeException" time="0.075"/>
  <testcase classname="xdwang.aequilibrium.UnitTests" name="testBuilder" time="0"/>
  <testcase classname="xdwang.aequilibrium.UnitTests" name="testBuilderTypeException" time="0"/>
  <testcase classname="xdwang.aequilibrium.CaseTests" name="testNothing" time="0.001"/>
</testsuite>